<?xml version="1.0" encoding="UTF-8"?>
<!-- Generated by org.testng.reporters.JUnitXMLReporter -->
<testsuite hostname="DESKTOP-3OEOHM8" ignored="0" name="Test" tests="11" failures="1" timestamp="08 Apr 2021 15:10:43 GMT" time="0.261" errors="0">
  <testcase name="tc2" time="0.026" classname="org.test.Sample3">
    <skipped/>
  </testcase> <!-- tc2 -->
  <testcase name="tc2" time="0.007" classname="org.test.Sample3">
    <skipped/>
  </testcase> <!-- tc2 -->
  <testcase name="tc2" time="0.002" classname="org.test.Sample3">
    <skipped/>
  </testcase> <!-- tc2 -->
  <testcase name="tc2" time="0.002" classname="org.test.Sample3">
    <skipped/>
  </testcase> <!-- tc2 -->
  <testcase name="tc2" time="0.003" classname="org.test.Sample3">
    <skipped/>
  </testcase> <!-- tc2 -->
  <testcase name="tc2" time="0.003" classname="org.test.Sample3">
    <failure type="java.lang.AssertionError" message="expected [true] but found [false]">
      <![CDATA[java.lang.AssertionError: expected [true] but found [false]
at org.test.Sample3.tc2(Sample3.java:20)
... Removed 29 stack frames]]>
    </failure>
  </testcase> <!-- tc2 -->
  <testcase name="tc5" time="0.002" classname="org.test.Sample3"/>
  <testcase name="tco" time="0.002" classname="org.test.Sample3"/>
  <testcase name="tc1" time="0.002" classname="org.test.Sample3"/>
  <testcase name="tc4" time="0.001" classname="org.test.Sample3"/>
  <testcase name="tc3" time="0.0" classname="org.test.Sample3">
    <skipped/>
  </testcase> <!-- tc3 -->
</testsuite> <!-- Test -->
